<?xml version="1.0" encoding="UTF-8"?>
<testsuite name="InMemoryUserRepositoryTest" tests="4" skipped="0" failures="0" errors="0" timestamp="2026-07-04T14:32:23.446Z" hostname="alienware" time="0.002">
  <properties/>
  <testcase name="shouldRecordFollowerRelationships()" classname="InMemoryUserRepositoryTest" time="0.0"/>
  <testcase name="shouldNotAllowDuplicateUsers()" classname="InMemoryUserRepositoryTest" time="0.0"/>
  <testcase name="shouldRecordPositionUpdates()" classname="InMemoryUserRepositoryTest" time="0.0"/>
  <testcase name="shouldLoadSavedUsers()" classname="InMemoryUserRepositoryTest" time="0.0"/>
  <system-out><![CDATA[]]></system-out>
  <system-err><![CDATA[]]></system-err>
</testsuite>
