<?xml version="1.0" encoding="UTF-8"?>
<testsuite name="DatabaseTwootRepositoryTest" tests="4" skipped="0" failures="0" errors="0" timestamp="2026-07-04T14:32:22.979Z" hostname="alienware" time="0.289">
  <properties/>
  <testcase name="shouldOnlyLoadTwootsFromFollowedUsers()" classname="DatabaseTwootRepositoryTest" time="0.258"/>
  <testcase name="shouldGetTwootsFromPosition()" classname="DatabaseTwootRepositoryTest" time="0.003"/>
  <testcase name="shouldDeleteTwootsFromPosition()" classname="DatabaseTwootRepositoryTest" time="0.01"/>
  <testcase name="shouldLoadTwootsFromPosition()" classname="DatabaseTwootRepositoryTest" time="0.014"/>
  <system-out><![CDATA[]]></system-out>
  <system-err><![CDATA[WARNING: A Java agent has been loaded dynamically (/home/drianodev/.gradle/caches/modules-2/files-2.1/net.bytebuddy/byte-buddy-agent/1.14.6/46e2545d7a97b6ccb195621650c5957279eb4812/byte-buddy-agent-1.14.6.jar)
WARNING: If a serviceability tool is in use, please run with -XX:+EnableDynamicAgentLoading to hide this warning
WARNING: If a serviceability tool is not in use, please run with -Djdk.instrument.traceUsage for more information
WARNING: Dynamic loading of agents will be disallowed by default in a future release
]]></system-err>
</testsuite>
