<?xml version="1.0" encoding="UTF-8"?>
<testsuite name="br.com.drianodev.DocumentManagementSystemTest" tests="8" skipped="0" failures="0" errors="0" timestamp="2026-01-06T13:14:22" hostname="alienware" time="0.078">
  <properties/>
  <testcase name="shouldImportReportAttributes" classname="br.com.drianodev.DocumentManagementSystemTest" time="0.012"/>
  <testcase name="shouldImportInvoiceAttributes" classname="br.com.drianodev.DocumentManagementSystemTest" time="0.0"/>
  <testcase name="shouldBeAbleToSearchFilesByAttributes" classname="br.com.drianodev.DocumentManagementSystemTest" time="0.061"/>
  <testcase name="shouldNotImportMissingFile" classname="br.com.drianodev.DocumentManagementSystemTest" time="0.0"/>
  <testcase name="shouldNotImportUnknownFile" classname="br.com.drianodev.DocumentManagementSystemTest" time="0.001"/>
  <testcase name="shouldImportImageAttributes" classname="br.com.drianodev.DocumentManagementSystemTest" time="0.002"/>
  <testcase name="shouldImportLetterAttributes" classname="br.com.drianodev.DocumentManagementSystemTest" time="0.0"/>
  <testcase name="shouldImportFile" classname="br.com.drianodev.DocumentManagementSystemTest" time="0.001"/>
  <system-out><![CDATA[]]></system-out>
  <system-err><![CDATA[]]></system-err>
</testsuite>
